Building DAG of jobs...
Your conda installation is not configured to use strict channel priorities. This is however crucial for having robust and correct environments (for details, see https://conda-forge.org/docs/user/tipsandtricks.html). Please consider to configure strict priorities by executing 'conda config --set channel_priority strict'.
Creating conda environment workflow/envs/demultiplexing.yaml...
Downloading and installing remote packages.
Environment for /home/scruz/workflows/dna-variant-calling/workflow/rules/../envs/demultiplexing.yaml created (location: .snakemake/conda/254955e1fb29ca06bc29c819e9b0e68b_)
Using shell: /usr/bin/bash
Provided cores: 80
Rules claiming more threads will be scaled down.
Job stats:
job               count
--------------  -------
all                   1
demultiplex           1
get_barcodemap        1
total                 3

Select jobs to execute...
Execute 1 jobs...

[Fri Apr 26 09:22:15 2024]
localrule get_barcodemap:
    input: /opt/bioinfo/parte2/bionas1/bean/GBSplates/44/reads/lane/GCDT_20-01_44_1.fastq.gz, /opt/bioinfo/parte2/bionas1/bean/GBSplates/44/reads/lane/GCDT_20-01_44_2.fastq.gz
    output: results/44/reads/barcodemap.tsv
    jobid: 2
    reason: Missing output files: results/44/reads/barcodemap.tsv
    wildcards: plate=44
    resources: tmpdir=/tmp

[Fri Apr 26 09:22:16 2024]
Finished job 2.
1 of 3 steps (33%) done
Select jobs to execute...
Execute 1 jobs...

[Fri Apr 26 09:22:16 2024]
localcheckpoint demultiplex:
    input: /opt/bioinfo/parte2/bionas1/bean/GBSplates/44/reads/lane/GCDT_20-01_44_1.fastq.gz, /opt/bioinfo/parte2/bionas1/bean/GBSplates/44/reads/lane/GCDT_20-01_44_2.fastq.gz, results/44/reads/barcodemap.tsv
    output: results/44/reads/demultiplexing/stacks, results/44/logs/process_radtags.data.log
    log: results/44/logs/demultiplexing.log
    jobid: 1
    reason: Missing output files: results/44/reads/demultiplexing/stacks; Input files updated by another job: results/44/reads/barcodemap.tsv
    wildcards: plate=44
    threads: 50
    resources: tmpdir=/tmp
DAG of jobs will be updated after completion.

Activating conda environment: .snakemake/conda/254955e1fb29ca06bc29c819e9b0e68b_
[Fri Apr 26 11:19:55 2024]
Finished job 1.
2 of 3 steps (67%) done
Complete log: .snakemake/log/2024-04-26T091734.052008.snakemake.log
